<?xml version="1.0" encoding="UTF-8"?>
<!-- Generated by org.testng.reporters.JUnitXMLReporter -->
<testsuite ignored="0" hostname="LAPTOP-ASHU60BH" failures="1" tests="1" name="Atrium-Innovations test cases" time="29.438" errors="0" timestamp="2025-03-03T21:55:05 IST">
  <testcase classname="com.nestle.framework.TestCases.TEST_M2FE_AccountCreation" name="accountCreation_test" time="22.116">
    <failure type="org.openqa.selenium.NoSuchElementException" message="Cannot locate option with text: Catalog Mail1
For documentation on this error, please visit: https://www.selenium.dev/documentation/webdriver/troubleshooting/errors#no-such-element-exception
Build info: version: &amp;apos;4.27.0&amp;apos;, revision: &amp;apos;d6e718d134&amp;apos;
System info: os.name: &amp;apos;Windows 11&amp;apos;, os.arch: &amp;apos;amd64&amp;apos;, os.version: &amp;apos;10.0&amp;apos;, java.version: &amp;apos;17.0.7&amp;apos;
Driver info: driver.version: unknown">
      <![CDATA[org.openqa.selenium.NoSuchElementException: Cannot locate option with text: Catalog Mail1
For documentation on this error, please visit: https://www.selenium.dev/documentation/webdriver/troubleshooting/errors#no-such-element-exception
Build info: version: '4.27.0', revision: 'd6e718d134'
System info: os.name: 'Windows 11', os.arch: 'amd64', os.version: '10.0', java.version: '17.0.7'
Driver info: driver.version: unknown
at org.openqa.selenium.support.ui.Select.selectByVisibleText(Select.java:167)
at com.nestle.framework.Util.CommonFunctions.DD_visiableText(CommonFunctions.java:26)
at com.nestle.framework.PageObjects.M2FE_AccountCreation_Page.accountCreation(M2FE_AccountCreation_Page.java:29)
at com.nestle.framework.TestCases.TEST_M2FE_AccountCreation.accountCreation_test(TEST_M2FE_AccountCreation.java:19)
at java.base/java.util.ArrayList.forEach(ArrayList.java:1511)
... Removed 27 stack frames]]>
    </failure>
  </testcase> <!-- accountCreation_test -->
</testsuite> <!-- Atrium-Innovations test cases -->
